1652148391735	geckodriver	INFO	Listening on 127.0.0.1:61437
1652148394283	mozrunner::runner	INFO	Running command: "C:\\Program Files\\Mozilla Firefox\\firefox.exe" "--marionette" "--remote-debugging-port" "61438" "-no-remote" "-profile" "C:\\Users\\leand\\AppData\\Local\\Temp\\rust_mozprofilek4C9Ne"
1652148398120	Marionette	INFO	Marionette enabled
console.warn: SearchSettings: "get: No settings file exists, new profile?" (new NotFoundError("Could not open the file at C:\\Users\\leand\\AppData\\Local\\Temp\\rust_mozprofilek4C9Ne\\search.json.mozlz4", (void 0)))
DevTools listening on ws://localhost:61438/devtools/browser/2cbf6b14-ee84-47e7-afd3-6b0029b7fbdd
1652148404001	Marionette	INFO	Listening on port 61443
1652148404513	RemoteAgent	WARN	TLS certificate errors will be ignored for this session
JavaScript error: , line 0: NS_ERROR_NOT_AVAILABLE
1652149777898	Marionette	INFO	Stopped listening on port 61443
console.warn: TopSitesFeed: Failed to fetch data from Contile server: NetworkError when attempting to fetch resource.
JavaScript error: chrome://remote/content/marionette/cert.js, line 55: NS_ERROR_NOT_AVAILABLE: Component returned failure code: 0x80040111 (NS_ERROR_NOT_AVAILABLE) [nsICertOverrideService.setDisableAllSecurityChecksAndLetAttackersInterceptMyData]
!!! error running onStopped callback: TypeError: callback is not a function

###!!! [Child][PContentChild] Error: Send(msgname=PCookieService::Msg_SetCookies) Closed channel: cannot send/recv


###!!! [Child][PContentChild] Error: Send(msgname=PContent::Msg_InsertNewFocusActionId) Closed channel: cannot send/recv

1652210693833	geckodriver	INFO	Listening on 127.0.0.1:53491
1652210696772	mozrunner::runner	INFO	Running command: "C:\\Program Files\\Mozilla Firefox\\firefox.exe" "--marionette" "--remote-debugging-port" "53492" "-no-remote" "-profile" "C:\\Users\\leand\\AppData\\Local\\Temp\\rust_mozprofileczbOZj"
1652210701143	Marionette	INFO	Marionette enabled
console.warn: SearchSettings: "get: No settings file exists, new profile?" (new NotFoundError("Could not open the file at C:\\Users\\leand\\AppData\\Local\\Temp\\rust_mozprofileczbOZj\\search.json.mozlz4", (void 0)))
DevTools listening on ws://localhost:53492/devtools/browser/d86a80d4-f9da-4de2-ad83-5ca47c73ea0e
1652210708219	Marionette	INFO	Listening on port 53497
1652210708607	RemoteAgent	WARN	TLS certificate errors will be ignored for this session
JavaScript error: , line 0: NS_ERROR_NOT_AVAILABLE
